<?xml version="1.0" encoding="UTF-8"?>
<!-- Generated by org.testng.reporters.JUnitReportReporter -->
<testsuite hostname="LAPTOP-OJF22CP7" failures="0" tests="4" name="com.cjc.Demoblaze.Test.DemoblazeTest" time="40.904" errors="0" timestamp="2023-01-19T15:29:24 IST" skipped="0">
  <testcase classname="com.cjc.Demoblaze.Test.DemoblazeTest" name="Registercheck" time="2.775"/>
  <system-out/>
  <testcase classname="com.cjc.Demoblaze.Test.DemoblazeTest" name="Logintest" time="3.151"/>
  <system-out/>
  <testcase classname="com.cjc.Demoblaze.Test.DemoblazeTest" name="addtocart" time="11.099"/>
  <system-out/>
  <testcase classname="com.cjc.Demoblaze.Test.DemoblazeTest" name="ordplace" time="23.879"/>
  <system-out/>
</testsuite> <!-- com.cjc.Demoblaze.Test.DemoblazeTest -->
